2023年1月17日17点38分
[鸡兔同笼计算器1.0]
建立了简单模型，可以对输入的任意数据按照该模型计算
限制了只允许输入数字
-----------------------------------------------------------------------------------------------------------------------------------------
2023年1月17日23点07分
[鸡兔同笼计算器1.1]
加入了对数据的判断，使用JavaScript的Number.isInteger语法判断输入源的真实性，防止了输入乱码导致结果出问题的bug
加入了对鸡兔同笼问题的介绍以及对本程序使用的一些要求规范
ps：此版本及以后版本只支持能使用支持es6标准JavaScript语言的浏览器（主流应该都可以），IE等老浏览器无法使用
-----------------------------------------------------------------------------------------------------------------------------------------
2023年1月18日01点27分
[鸡兔同笼计算器1.2]
修复了之前版本反馈的bug，使用if嵌套和增加条件加强了对输入源真实性的判断能力，防止了输入乱码导致结果出问题的bug
修改了对对本程序使用的一些要求规范
添加了对本程序的介绍
添加了对input框的输入限制（然并卵，通过键盘仍旧可以输入不符合规范的输入源

对页面进行了美化：
添加了背景颜色
添加了基于css的页面居中显示
加入了作者的联系方式，以便程序的改进
加入了版权标识

2.0版本预告（画大饼）：
进一步进行页面美化，修复1.2版本的bug
尝试能够计算更复杂的鸡兔同笼问题，如已知脚数和兔比鸡多的数量求鸡和兔；或是允许用户自定义生物种类，如鸡蟹同笼（涉及到模型重建，可能一时半会不出来）
ps：叫2.0的原因是如果能支持上述所说的功能，将会是一个大革新，必须纪念一下
-------------------------------------------------------------------------------------------------------------------------------------------
2023年1月18日12点09分
[鸡兔同笼计算器1.2.1]
修复了部分此前反馈的bug：
输入超大数导致的崩溃（限制了input的输入字符长度）
可以输入运算符号
可以输入e、E等数学符号
可以输入小数

加入了对手机端的适配（实验内容）

仍遗留的部分问题：
win11的Microsoft Edge下的中文输入法依然能输入E和e

目前来看此前遇到的绝大部分bug已经解决了，2.0版本一气做出来可能性不大，会先着重对程序页面的美化。
ps：由于以修复bug为主，故不以大的版本号更新。

2023年1月20日02点17分补充：
手机端（Android）的QQ浏览器有bug，对input的限制完全无用，目前对修复bug并无头绪。

